<?xml version="1.0" encoding="UTF-8"?>
<testng-results ignored="41" total="43" passed="2" failed="0" skipped="0">
  <reporter-output>
  </reporter-output>
  <suite started-at="2022-12-08T17:22:46 EST" name="Default suite" finished-at="2022-12-08T17:23:05 EST" duration-ms="19430">
    <groups>
    </groups>
    <test started-at="2022-12-08T17:22:46 EST" name="Default test" finished-at="2022-12-08T17:23:05 EST" duration-ms="19430">
      <class name="Test.HomePageTest">
        <test-method is-config="true" signature="setup()[pri:0, instance:Test.HomePageTest@5a45133e]" started-at="2022-12-08T17:22:46 EST" name="setup" finished-at="2022-12-08T17:22:53 EST" duration-ms="6831" status="PASS">
          <reporter-output>
          </reporter-output>
        </test-method> <!-- setup -->
        <test-method signature="how_to_handle_element_by_regular_method()[pri:0, instance:Test.HomePageTest@5a45133e]" started-at="2022-12-08T17:22:53 EST" name="how_to_handle_element_by_regular_method" finished-at="2022-12-08T17:22:58 EST" duration-ms="5031" status="PASS">
          <reporter-output>
          </reporter-output>
        </test-method> <!-- how_to_handle_element_by_regular_method -->
        <test-method is-config="true" signature="terarUp()[pri:0, instance:Test.HomePageTest@5a45133e]" started-at="2022-12-08T17:22:58 EST" name="terarUp" finished-at="2022-12-08T17:22:58 EST" duration-ms="571" status="PASS">
          <reporter-output>
          </reporter-output>
        </test-method> <!-- terarUp -->
        <test-method is-config="true" signature="setup()[pri:0, instance:Test.HomePageTest@5a45133e]" started-at="2022-12-08T17:22:58 EST" name="setup" finished-at="2022-12-08T17:23:02 EST" duration-ms="4054" status="PASS">
          <reporter-output>
          </reporter-output>
        </test-method> <!-- setup -->
        <test-method signature="use_of_scroll_down_and_scroll_up_action()[pri:0, instance:Test.HomePageTest@5a45133e]" started-at="2022-12-08T17:23:02 EST" name="use_of_scroll_down_and_scroll_up_action" finished-at="2022-12-08T17:23:05 EST" duration-ms="2414" status="PASS">
          <reporter-output>
          </reporter-output>
        </test-method> <!-- use_of_scroll_down_and_scroll_up_action -->
        <test-method is-config="true" signature="terarUp()[pri:0, instance:Test.HomePageTest@5a45133e]" started-at="2022-12-08T17:23:05 EST" name="terarUp" finished-at="2022-12-08T17:23:05 EST" duration-ms="422" status="PASS">
          <reporter-output>
          </reporter-output>
        </test-method> <!-- terarUp -->
      </class> <!-- Test.HomePageTest -->
    </test> <!-- Default test -->
  </suite> <!-- Default suite -->
</testng-results>
