<?xml version="1.0" encoding="UTF-8"?>
<!-- Generated by org.testng.reporters.JUnitXMLReporter -->
<testsuite ignored="41" hostname="Shumis-Air.fios-router.home" failures="0" tests="2" name="Default test" time="19.43" errors="0" timestamp="2022-12-08T17:23:05 EST">
  <testcase classname="Test.HomePageTest" name="how_to_handle_element_by_regular_method" time="5.031"/>
  <testcase classname="Test.HomePageTest" name="use_of_scroll_down_and_scroll_up_action" time="2.414"/>
  <testcase classname="Test.HomePageTest" name="use_of_sendkeys_method_then_click_by_enter_key_and_then_clear" time="0.0">
    <ignored/>
  </testcase> <!-- use_of_sendkeys_method_then_click_by_enter_key_and_then_clear -->
  <testcase classname="Test.HomePageTest" name="setASpecificSizeOfWindow" time="0.0">
    <ignored/>
  </testcase> <!-- setASpecificSizeOfWindow -->
  <testcase classname="Test.HomePageTest" name="newUserRegistrationClickTest04" time="0.0">
    <ignored/>
  </testcase> <!-- newUserRegistrationClickTest04 -->
  <testcase classname="Test.HomePageTest" name="loginBottomClick02" time="0.0">
    <ignored/>
  </testcase> <!-- loginBottomClick02 -->
  <testcase classname="Test.HomePageTest" name="use_of_click_method_in_oginBottomTest02" time="0.0">
    <ignored/>
  </testcase> <!-- use_of_click_method_in_oginBottomTest02 -->
  <testcase classname="Test.HomePageTest" name="forgotPasswordTest" time="0.0">
    <ignored/>
  </testcase> <!-- forgotPasswordTest -->
  <testcase classname="Test.HomePageTest" name="use_of_getAttribute_method" time="0.0">
    <ignored/>
  </testcase> <!-- use_of_getAttribute_method -->
  <testcase classname="Test.HomePageTest" name="newUserRegistrationBottomClickTest" time="0.0">
    <ignored/>
  </testcase> <!-- newUserRegistrationBottomClickTest -->
  <testcase classname="Test.HomePageTest" name="use_of_alternate_of_click_method_in_loginBottmTest" time="0.0">
    <ignored/>
  </testcase> <!-- use_of_alternate_of_click_method_in_loginBottmTest -->
  <testcase classname="Test.HomePageTest" name="use_of_sendkeys_method_then_click_submit_and_then_clear" time="0.0">
    <ignored/>
  </testcase> <!-- use_of_sendkeys_method_then_click_submit_and_then_clear -->
  <testcase classname="Test.HomePageTest" name="clickNewUserIdTest" time="0.0">
    <ignored/>
  </testcase> <!-- clickNewUserIdTest -->
  <testcase classname="Test.HomePageTest" name="logoButtonTest07" time="0.0">
    <ignored/>
  </testcase> <!-- logoButtonTest07 -->
  <testcase classname="Test.HomePageTest" name="use_of_sendkeys_method_by_javascriptExcutor" time="0.0">
    <ignored/>
  </testcase> <!-- use_of_sendkeys_method_by_javascriptExcutor -->
  <testcase classname="Test.HomePageTest" name="use_of_navigate_method" time="0.0">
    <ignored/>
  </testcase> <!-- use_of_navigate_method -->
  <testcase classname="Test.HomePageTest" name="loginBottomtest3" time="0.0">
    <ignored/>
  </testcase> <!-- loginBottomtest3 -->
  <testcase classname="Test.HomePageTest" name="use_of_isDelected_method" time="0.0">
    <ignored/>
  </testcase> <!-- use_of_isDelected_method -->
  <testcase classname="Test.HomePageTest" name="loginBottomTest01" time="0.0">
    <ignored/>
  </testcase> <!-- loginBottomTest01 -->
  <testcase classname="Test.HomePageTest" name="forgotUserIdTest" time="0.0">
    <ignored/>
  </testcase> <!-- forgotUserIdTest -->
  <testcase classname="Test.HomePageTest" name="use_of_explicty_wait_in_Mountsonai" time="0.0">
    <ignored/>
  </testcase> <!-- use_of_explicty_wait_in_Mountsonai -->
  <testcase classname="Test.HomePageTest" name="UserIdTest" time="0.0">
    <ignored/>
  </testcase> <!-- UserIdTest -->
  <testcase classname="Test.HomePageTest" name="use_of_alternate_of_click_method_in_loginButtonTest04" time="0.0">
    <ignored/>
  </testcase> <!-- use_of_alternate_of_click_method_in_loginButtonTest04 -->
  <testcase classname="Test.HomePageTest" name="loginBottomTest5" time="0.0">
    <ignored/>
  </testcase> <!-- loginBottomTest5 -->
  <testcase classname="Test.HomePageTest" name="mouseHoverActionOurLocations" time="0.0">
    <ignored/>
  </testcase> <!-- mouseHoverActionOurLocations -->
  <testcase classname="Test.HomePageTest" name="use_of_sendkeys_method" time="0.0">
    <ignored/>
  </testcase> <!-- use_of_sendkeys_method -->
  <testcase classname="Test.HomePageTest" name="loginBottomTest6" time="0.0">
    <ignored/>
  </testcase> <!-- loginBottomTest6 -->
  <testcase classname="Test.HomePageTest" name="unlockLlinkClickedTest" time="0.0">
    <ignored/>
  </testcase> <!-- unlockLlinkClickedTest -->
  <testcase classname="Test.HomePageTest" name="newUserRegistrationClickTest05" time="0.0">
    <ignored/>
  </testcase> <!-- newUserRegistrationClickTest05 -->
  <testcase classname="Test.HomePageTest" name="use_of_click_method_in_oginBottomTest01" time="0.0">
    <ignored/>
  </testcase> <!-- use_of_click_method_in_oginBottomTest01 -->
  <testcase classname="Test.HomePageTest" name="tableTest" time="0.0">
    <ignored/>
  </testcase> <!-- tableTest -->
  <testcase classname="Test.HomePageTest" name="newUserRegistrationClickTest03" time="0.0">
    <ignored/>
  </testcase> <!-- newUserRegistrationClickTest03 -->
  <testcase classname="Test.HomePageTest" name="mouseHoverActionAboutUs" time="0.0">
    <ignored/>
  </testcase> <!-- mouseHoverActionAboutUs -->
  <testcase classname="Test.HomePageTest" name="use_of_sendkeys_method_and_click" time="0.0">
    <ignored/>
  </testcase> <!-- use_of_sendkeys_method_and_click -->
  <testcase classname="Test.HomePageTest" name="use_of_getTitle_method" time="0.0">
    <ignored/>
  </testcase> <!-- use_of_getTitle_method -->
  <testcase classname="Test.HomePageTest" name="use_of_getCurrentURL_method" time="0.0">
    <ignored/>
  </testcase> <!-- use_of_getCurrentURL_method -->
  <testcase classname="Test.HomePageTest" name="logoTest" time="0.0">
    <ignored/>
  </testcase> <!-- logoTest -->
  <testcase classname="Test.HomePageTest" name="dropdown_selectByvisibleTest_method1" time="0.0">
    <ignored/>
  </testcase> <!-- dropdown_selectByvisibleTest_method1 -->
  <testcase classname="Test.HomePageTest" name="use_of_getTest_method" time="0.0">
    <ignored/>
  </testcase> <!-- use_of_getTest_method -->
  <testcase classname="Test.HomePageTest" name="dropdown_selectByIndex_method" time="0.0">
    <ignored/>
  </testcase> <!-- dropdown_selectByIndex_method -->
  <testcase classname="Test.HomePageTest" name="logoTest2" time="0.0">
    <ignored/>
  </testcase> <!-- logoTest2 -->
  <testcase classname="Test.HomePageTest" name="newUserRegistrationTest" time="0.0">
    <ignored/>
  </testcase> <!-- newUserRegistrationTest -->
  <testcase classname="Test.HomePageTest" name="loginBottomTest4" time="0.0">
    <ignored/>
  </testcase> <!-- loginBottomTest4 -->
</testsuite> <!-- Default test -->
